<?xml version="1.0" encoding="UTF-8"?>
<!-- Generated by org.testng.reporters.JUnitReportReporter -->
<testsuite hostname="LAPTOP-4RAGM6OB" failures="0" tests="1" name="testCase.GeneretBearerToken" time="7.619" errors="0" timestamp="19 Jan 2024 18:57:11 GMT" skipped="0">
  <testcase classname="testCase.GeneretBearerToken" name="generateBearerToken" time="7.619"/>
</testsuite> <!-- testCase.GeneretBearerToken -->
