<?xml version="1.0" encoding="UTF-8"?>
<!-- Generated by org.testng.reporters.JUnitReportReporter -->
<testsuite hostname="LAPTOP-4RAGM6OB" failures="0" tests="3" name="testCase.CreateOneAccountAsMap" time="5.305" errors="0" timestamp="21 Jan 2024 21:46:48 GMT" skipped="0">
  <testcase classname="testCase.CreateOneAccountAsMap" name="createOneAccount" time="1.929"/>
  <testcase classname="testCase.CreateOneAccountAsMap" name="readAllAccounts" time="1.882"/>
  <testcase classname="testCase.CreateOneAccountAsMap" name="readOneAccounts" time="1.494"/>
</testsuite> <!-- testCase.CreateOneAccountAsMap -->
