<?xml version="1.0" encoding="UTF-8"?>
<!-- Generated by org.testng.reporters.JUnitReportReporter -->
<testsuite hostname="LAPTOP-4RAGM6OB" failures="0" tests="1" name="testCase.ReadAllAccounts" time="2.045" errors="0" timestamp="21 Jan 2024 03:41:45 GMT" skipped="0">
  <testcase classname="testCase.ReadAllAccounts" name="readAllAccounts" time="2.045"/>
</testsuite> <!-- testCase.ReadAllAccounts -->
