<?xml version="1.0" encoding="UTF-8"?>
<!-- Generated by org.testng.reporters.JUnitReportReporter -->
<testsuite hostname="LAPTOP-4RAGM6OB" failures="0" tests="2" name="testCase.UpdateOneAccount" time="3.178" errors="0" timestamp="22 Jan 2024 05:51:50 GMT" skipped="0">
  <testcase classname="testCase.UpdateOneAccount" name="updateOneAccount" time="1.297"/>
  <testcase classname="testCase.UpdateOneAccount" name="readOneAccount" time="1.881"/>
</testsuite> <!-- testCase.UpdateOneAccount -->
