<?xml version="1.0" encoding="UTF-8"?>
<!-- Generated by org.testng.reporters.JUnitReportReporter -->
<testsuite hostname="LAPTOP-4RAGM6OB" failures="0" tests="1" name="testCase.ReadOneAccount" time="1.733" errors="0" timestamp="22 Jan 2024 05:26:22 GMT" skipped="0">
  <testcase classname="testCase.ReadOneAccount" name="readOneAccounts" time="1.733"/>
</testsuite> <!-- testCase.ReadOneAccount -->
