<?xml version="1.0" encoding="UTF-8"?>
<!-- Generated by org.testng.reporters.JUnitReportReporter -->
<testsuite hostname="LAPTOP-4RAGM6OB" failures="0" tests="2" name="testCase.DeleteOneAccount" time="3.297" errors="0" timestamp="22 Jan 2024 06:06:15 GMT" skipped="0">
  <testcase classname="testCase.DeleteOneAccount" name="deleteOneAccount" time="1.730"/>
  <testcase classname="testCase.DeleteOneAccount" name="readOneAccount" time="1.567"/>
</testsuite> <!-- testCase.DeleteOneAccount -->
